# JRE version: OpenJDK Runtime Environment Temurin-21.0.8+9 (21.0.8+9) (build 21.0.8+9-LTS)
# Java VM: OpenJDK 64-Bit Server VM Temurin-21.0.8+9 (21.0.8+9-LTS, mixed mode, sharing, tiered, compressed oops, compressed class ptrs, parallel gc, windows-amd64)
GC Precious Log:
 CardTable entry size: 512
 CPUs: 8 total, 8 available
 Memory: 7876M
 Large Page Support: Disabled
 NUMA Support: Disabled
 Compressed Oops: Enabled (32-bit)
 Alignments: Space 512K, Generation 512K, Heap 2M
 Heap Min Capacity: 100M
 Heap Initial Capacity: 100M
 Heap Max Capacity: 2G
 Pre-touch: Disabled
 Parallel Workers: 8
Heap:
 PSYoungGen      total 19456K, used 13943K [0x00000000d5580000, 0x00000000d6d80000, 0x0000000100000000)
  eden space 18432K, 71% used [0x00000000d5580000,0x00000000d6273420,0x00000000d6780000)
  from space 1024K, 66% used [0x00000000d6c80000,0x00000000d6d2a910,0x00000000d6d80000)
  to   space 1024K, 0% used [0x00000000d6b80000,0x00000000d6b80000,0x00000000d6c80000)
 ParOldGen       total 194560K, used 194416K [0x0000000080000000, 0x000000008be00000, 0x00000000d5580000)
  object space 194560K, 99% used [0x0000000080000000,0x000000008bddc2f8,0x000000008be00000)
 Metaspace       used 77563K, committed 79360K, reserved 1179648K
  class space    used 8128K, committed 8896K, reserved 1048576K
GC Heap History (20 events):
Event: 99.799 GC heap before
{Heap before GC invocations=82 (full 3):
 PSYoungGen      total 19456K, used 19008K [0x00000000d5580000, 0x00000000d6a80000, 0x0000000100000000)
  eden space 18432K, 100% used [0x00000000d5580000,0x00000000d6780000,0x00000000d6780000)
  from space 1024K, 56% used [0x00000000d6980000,0x00000000d6a10000,0x00000000d6a80000)
  to   space 1536K, 0% used [0x00000000d6780000,0x00000000d6780000,0x00000000d6900000)
 ParOldGen       total 177664K, used 177597K [0x0000000080000000, 0x000000008ad80000, 0x00000000d5580000)
  object space 177664K, 99% used [0x0000000080000000,0x000000008ad6f678,0x000000008ad80000)
 Metaspace       used 74141K, committed 75712K, reserved 1179648K
  class space    used 7905K, committed 8576K, reserved 1048576K
}
Event: 99.803 GC heap after
{Heap after GC invocations=82 (full 3):
 PSYoungGen      total 19968K, used 1527K [0x00000000d5580000, 0x00000000d7380000, 0x0000000100000000)
  eden space 18432K, 0% used [0x00000000d5580000,0x00000000d5580000,0x00000000d6780000)
  from space 1536K, 99% used [0x00000000d6780000,0x00000000d68fdd58,0x00000000d6900000)
  to   space 6144K, 0% used [0x00000000d6d80000,0x00000000d6d80000,0x00000000d7380000)
 ParOldGen       total 181760K, used 181319K [0x0000000080000000, 0x000000008b180000, 0x00000000d5580000)
  object space 181760K, 99% used [0x0000000080000000,0x000000008b111e40,0x000000008b180000)
 Metaspace       used 74141K, committed 75712K, reserved 1179648K
  class space    used 7905K, committed 8576K, reserved 1048576K
}
Event: 100.632 GC heap before
{Heap before GC invocations=83 (full 3):
 PSYoungGen      total 19968K, used 19537K [0x00000000d5580000, 0x00000000d7380000, 0x0000000100000000)
  eden space 18432K, 97% used [0x00000000d5580000,0x00000000d67168a0,0x00000000d6780000)
  from space 1536K, 99% used [0x00000000d6780000,0x00000000d68fdd58,0x00000000d6900000)
  to   space 6144K, 0% used [0x00000000d6d80000,0x00000000d6d80000,0x00000000d7380000)
 ParOldGen       total 181760K, used 181319K [0x0000000080000000, 0x000000008b180000, 0x00000000d5580000)
  object space 181760K, 99% used [0x0000000080000000,0x000000008b111e40,0x000000008b180000)
 Metaspace       used 74402K, committed 76096K, reserved 1179648K
  class space    used 7920K, committed 8640K, reserved 1048576K
}
Event: 100.636 GC heap after
{Heap after GC invocations=83 (full 3):
 PSYoungGen      total 20992K, used 2102K [0x00000000d5580000, 0x00000000d7000000, 0x0000000100000000)
  eden space 18432K, 0% used [0x00000000d5580000,0x00000000d5580000,0x00000000d6780000)
  from space 2560K, 82% used [0x00000000d6d80000,0x00000000d6f8db48,0x00000000d7000000)
  to   space 3584K, 0% used [0x00000000d6900000,0x00000000d6900000,0x00000000d6c80000)
 ParOldGen       total 183296K, used 182835K [0x0000000080000000, 0x000000008b300000, 0x00000000d5580000)
  object space 183296K, 99% used [0x0000000080000000,0x000000008b28cea8,0x000000008b300000)
 Metaspace       used 74402K, committed 76096K, reserved 1179648K
  class space    used 7920K, committed 8640K, reserved 1048576K
}
Event: 100.918 GC heap before
{Heap before GC invocations=84 (full 3):
 PSYoungGen      total 20992K, used 20534K [0x00000000d5580000, 0x00000000d7000000, 0x0000000100000000)
  eden space 18432K, 99% used [0x00000000d5580000,0x00000000d677fff8,0x00000000d6780000)
  from space 2560K, 82% used [0x00000000d6d80000,0x00000000d6f8db48,0x00000000d7000000)
  to   space 3584K, 0% used [0x00000000d6900000,0x00000000d6900000,0x00000000d6c80000)
 ParOldGen       total 183296K, used 182835K [0x0000000080000000, 0x000000008b300000, 0x00000000d5580000)
  object space 183296K, 99% used [0x0000000080000000,0x000000008b28cea8,0x000000008b300000)
 Metaspace       used 74705K, committed 76416K, reserved 1179648K
  class space    used 7937K, committed 8704K, reserved 1048576K
}
Event: 100.925 GC heap after
{Heap after GC invocations=84 (full 3):
 PSYoungGen      total 22016K, used 3160K [0x00000000d5580000, 0x00000000d6e80000, 0x0000000100000000)
  eden space 18432K, 0% used [0x00000000d5580000,0x00000000d5580000,0x00000000d6780000)
  from space 3584K, 88% used [0x00000000d6900000,0x00000000d6c16010,0x00000000d6c80000)
  to   space 2048K, 0% used [0x00000000d6c80000,0x00000000d6c80000,0x00000000d6e80000)
 ParOldGen       total 184832K, used 184624K [0x0000000080000000, 0x000000008b480000, 0x00000000d5580000)
  object space 184832K, 99% used [0x0000000080000000,0x000000008b44c1f0,0x000000008b480000)
 Metaspace       used 74705K, committed 76416K, reserved 1179648K
  class space    used 7937K, committed 8704K, reserved 1048576K
}
Event: 101.326 GC heap before
{Heap before GC invocations=85 (full 3):
 PSYoungGen      total 22016K, used 21592K [0x00000000d5580000, 0x00000000d6e80000, 0x0000000100000000)
  eden space 18432K, 100% used [0x00000000d5580000,0x00000000d6780000,0x00000000d6780000)
  from space 3584K, 88% used [0x00000000d6900000,0x00000000d6c16010,0x00000000d6c80000)
  to   space 2048K, 0% used [0x00000000d6c80000,0x00000000d6c80000,0x00000000d6e80000)
 ParOldGen       total 184832K, used 184624K [0x0000000080000000, 0x000000008b480000, 0x00000000d5580000)
  object space 184832K, 99% used [0x0000000080000000,0x000000008b44c1f0,0x000000008b480000)
 Metaspace       used 75158K, committed 76800K, reserved 1179648K
  class space    used 7970K, committed 8704K, reserved 1048576K
}
Event: 101.331 GC heap after
{Heap after GC invocations=85 (full 3):
 PSYoungGen      total 20480K, used 1561K [0x00000000d5580000, 0x00000000d6e80000, 0x0000000100000000)
  eden space 18432K, 0% used [0x00000000d5580000,0x00000000d5580000,0x00000000d6780000)
  from space 2048K, 76% used [0x00000000d6c80000,0x00000000d6e067f0,0x00000000d6e80000)
  to   space 2560K, 0% used [0x00000000d6980000,0x00000000d6980000,0x00000000d6c00000)
 ParOldGen       total 187392K, used 186962K [0x0000000080000000, 0x000000008b700000, 0x00000000d5580000)
  object space 187392K, 99% used [0x0000000080000000,0x000000008b694b60,0x000000008b700000)
 Metaspace       used 75158K, committed 76800K, reserved 1179648K
  class space    used 7970K, committed 8704K, reserved 1048576K
}
Event: 101.570 GC heap before
{Heap before GC invocations=86 (full 3):
 PSYoungGen      total 20480K, used 19993K [0x00000000d5580000, 0x00000000d6e80000, 0x0000000100000000)
  eden space 18432K, 100% used [0x00000000d5580000,0x00000000d6780000,0x00000000d6780000)
  from space 2048K, 76% used [0x00000000d6c80000,0x00000000d6e067f0,0x00000000d6e80000)
  to   space 2560K, 0% used [0x00000000d6980000,0x00000000d6980000,0x00000000d6c00000)
 ParOldGen       total 187392K, used 186962K [0x0000000080000000, 0x000000008b700000, 0x00000000d5580000)
  object space 187392K, 99% used [0x0000000080000000,0x000000008b694b60,0x000000008b700000)
 Metaspace       used 75542K, committed 77184K, reserved 1179648K
  class space    used 8017K, committed 8768K, reserved 1048576K
}
Event: 101.575 GC heap after
{Heap after GC invocations=86 (full 3):
 PSYoungGen      total 20480K, used 1748K [0x00000000d5580000, 0x00000000d6d00000, 0x0000000100000000)
  eden space 18432K, 0% used [0x00000000d5580000,0x00000000d5580000,0x00000000d6780000)
  from space 2048K, 85% used [0x00000000d6980000,0x00000000d6b350e8,0x00000000d6b80000)
  to   space 1536K, 0% used [0x00000000d6b80000,0x00000000d6b80000,0x00000000d6d00000)
 ParOldGen       total 188416K, used 188360K [0x0000000080000000, 0x000000008b800000, 0x00000000d5580000)
  object space 188416K, 99% used [0x0000000080000000,0x000000008b7f2120,0x000000008b800000)
 Metaspace       used 75542K, committed 77184K, reserved 1179648K
  class space    used 8017K, committed 8768K, reserved 1048576K
}
Event: 102.674 GC heap before
{Heap before GC invocations=87 (full 3):
 PSYoungGen      total 20480K, used 20180K [0x00000000d5580000, 0x00000000d6d00000, 0x0000000100000000)
  eden space 18432K, 100% used [0x00000000d5580000,0x00000000d6780000,0x00000000d6780000)
  from space 2048K, 85% used [0x00000000d6980000,0x00000000d6b350e8,0x00000000d6b80000)
  to   space 1536K, 0% used [0x00000000d6b80000,0x00000000d6b80000,0x00000000d6d00000)
 ParOldGen       total 188416K, used 188360K [0x0000000080000000, 0x000000008b800000, 0x00000000d5580000)
  object space 188416K, 99% used [0x0000000080000000,0x000000008b7f2120,0x000000008b800000)
 Metaspace       used 76111K, committed 77824K, reserved 1179648K
  class space    used 8049K, committed 8768K, reserved 1048576K
}
Event: 102.682 GC heap after
{Heap after GC invocations=87 (full 3):
 PSYoungGen      total 19968K, used 1506K [0x00000000d5580000, 0x00000000d6e80000, 0x0000000100000000)
  eden space 18432K, 0% used [0x00000000d5580000,0x00000000d5580000,0x00000000d6780000)
  from space 1536K, 98% used [0x00000000d6b80000,0x00000000d6cf8a20,0x00000000d6d00000)
  to   space 3584K, 0% used [0x00000000d6780000,0x00000000d6780000,0x00000000d6b00000)
 ParOldGen       total 189952K, used 189908K [0x0000000080000000, 0x000000008b980000, 0x00000000d5580000)
  object space 189952K, 99% used [0x0000000080000000,0x000000008b975338,0x000000008b980000)
 Metaspace       used 76111K, committed 77824K, reserved 1179648K
  class space    used 8049K, committed 8768K, reserved 1048576K
}
Event: 104.610 GC heap before
{Heap before GC invocations=88 (full 3):
 PSYoungGen      total 19968K, used 19938K [0x00000000d5580000, 0x00000000d6e80000, 0x0000000100000000)
  eden space 18432K, 100% used [0x00000000d5580000,0x00000000d6780000,0x00000000d6780000)
  from space 1536K, 98% used [0x00000000d6b80000,0x00000000d6cf8a20,0x00000000d6d00000)
  to   space 3584K, 0% used [0x00000000d6780000,0x00000000d6780000,0x00000000d6b00000)
 ParOldGen       total 189952K, used 189908K [0x0000000080000000, 0x000000008b980000, 0x00000000d5580000)
  object space 189952K, 99% used [0x0000000080000000,0x000000008b975338,0x000000008b980000)
 Metaspace       used 76654K, committed 78400K, reserved 1179648K
  class space    used 8060K, committed 8832K, reserved 1048576K
}
Event: 104.618 GC heap after
{Heap after GC invocations=88 (full 3):
 PSYoungGen      total 22016K, used 3579K [0x00000000d5580000, 0x00000000d7380000, 0x0000000100000000)
  eden space 18432K, 0% used [0x00000000d5580000,0x00000000d5580000,0x00000000d6780000)
  from space 3584K, 99% used [0x00000000d6780000,0x00000000d6afef10,0x00000000d6b00000)
  to   space 6144K, 0% used [0x00000000d6d80000,0x00000000d6d80000,0x00000000d7380000)
 ParOldGen       total 192000K, used 191618K [0x0000000080000000, 0x000000008bb80000, 0x00000000d5580000)
  object space 192000K, 99% used [0x0000000080000000,0x000000008bb20b10,0x000000008bb80000)
 Metaspace       used 76654K, committed 78400K, reserved 1179648K
  class space    used 8060K, committed 8832K, reserved 1048576K
}
Event: 105.368 GC heap before
{Heap before GC invocations=89 (full 3):
 PSYoungGen      total 22016K, used 22011K [0x00000000d5580000, 0x00000000d7380000, 0x0000000100000000)
  eden space 18432K, 100% used [0x00000000d5580000,0x00000000d6780000,0x00000000d6780000)
  from space 3584K, 99% used [0x00000000d6780000,0x00000000d6afef10,0x00000000d6b00000)
  to   space 6144K, 0% used [0x00000000d6d80000,0x00000000d6d80000,0x00000000d7380000)
 ParOldGen       total 192000K, used 191618K [0x0000000080000000, 0x000000008bb80000, 0x00000000d5580000)
  object space 192000K, 99% used [0x0000000080000000,0x000000008bb20b10,0x000000008bb80000)
 Metaspace       used 77288K, committed 79104K, reserved 1179648K
  class space    used 8120K, committed 8896K, reserved 1048576K
}
Event: 105.375 GC heap after
{Heap after GC invocations=89 (full 3):
 PSYoungGen      total 19968K, used 1077K [0x00000000d5580000, 0x00000000d6f00000, 0x0000000100000000)
  eden space 18432K, 0% used [0x00000000d5580000,0x00000000d5580000,0x00000000d6780000)
  from space 1536K, 70% used [0x00000000d6d80000,0x00000000d6e8d430,0x00000000d6f00000)
  to   space 3072K, 0% used [0x00000000d6900000,0x00000000d6900000,0x00000000d6c00000)
 ParOldGen       total 194048K, used 193692K [0x0000000080000000, 0x000000008bd80000, 0x00000000d5580000)
  object space 194048K, 99% used [0x0000000080000000,0x000000008bd273e0,0x000000008bd80000)
 Metaspace       used 77288K, committed 79104K, reserved 1179648K
  class space    used 8120K, committed 8896K, reserved 1048576K
}
Event: 107.712 GC heap before
{Heap before GC invocations=90 (full 3):
 PSYoungGen      total 19968K, used 19508K [0x00000000d5580000, 0x00000000d6f00000, 0x0000000100000000)
  eden space 18432K, 99% used [0x00000000d5580000,0x00000000d677ffc8,0x00000000d6780000)
  from space 1536K, 70% used [0x00000000d6d80000,0x00000000d6e8d430,0x00000000d6f00000)
  to   space 3072K, 0% used [0x00000000d6900000,0x00000000d6900000,0x00000000d6c00000)
 ParOldGen       total 194048K, used 193692K [0x0000000080000000, 0x000000008bd80000, 0x00000000d5580000)
  object space 194048K, 99% used [0x0000000080000000,0x000000008bd273e0,0x000000008bd80000)
 Metaspace       used 77414K, committed 79232K, reserved 1179648K
  class space    used 8122K, committed 8896K, reserved 1048576K
}
Event: 107.715 GC heap after
{Heap after GC invocations=90 (full 3):
 PSYoungGen      total 21504K, used 788K [0x00000000d5580000, 0x00000000d6e00000, 0x0000000100000000)
  eden space 18432K, 0% used [0x00000000d5580000,0x00000000d5580000,0x00000000d6780000)
  from space 3072K, 25% used [0x00000000d6900000,0x00000000d69c5240,0x00000000d6c00000)
  to   space 1536K, 0% used [0x00000000d6c80000,0x00000000d6c80000,0x00000000d6e00000)
 ParOldGen       total 194560K, used 194160K [0x0000000080000000, 0x000000008be00000, 0x00000000d5580000)
  object space 194560K, 99% used [0x0000000080000000,0x000000008bd9c2a8,0x000000008be00000)
 Metaspace       used 77414K, committed 79232K, reserved 1179648K
  class space    used 8122K, committed 8896K, reserved 1048576K
}
Event: 108.124 GC heap before
{Heap before GC invocations=91 (full 3):
 PSYoungGen      total 21504K, used 19220K [0x00000000d5580000, 0x00000000d6e00000, 0x0000000100000000)
  eden space 18432K, 100% used [0x00000000d5580000,0x00000000d6780000,0x00000000d6780000)
  from space 3072K, 25% used [0x00000000d6900000,0x00000000d69c5240,0x00000000d6c00000)
  to   space 1536K, 0% used [0x00000000d6c80000,0x00000000d6c80000,0x00000000d6e00000)
 ParOldGen       total 194560K, used 194160K [0x0000000080000000, 0x000000008be00000, 0x00000000d5580000)
  object space 194560K, 99% used [0x0000000080000000,0x000000008bd9c2a8,0x000000008be00000)
 Metaspace       used 77512K, committed 79296K, reserved 1179648K
  class space    used 8123K, committed 8896K, reserved 1048576K
}
Event: 108.127 GC heap after
{Heap after GC invocations=91 (full 3):
 PSYoungGen      total 19456K, used 682K [0x00000000d5580000, 0x00000000d6d80000, 0x0000000100000000)
  eden space 18432K, 0% used [0x00000000d5580000,0x00000000d5580000,0x00000000d6780000)
  from space 1024K, 66% used [0x00000000d6c80000,0x00000000d6d2a910,0x00000000d6d80000)
  to   space 1024K, 0% used [0x00000000d6b80000,0x00000000d6b80000,0x00000000d6c80000)
 ParOldGen       total 194560K, used 194416K [0x0000000080000000, 0x000000008be00000, 0x00000000d5580000)
  object space 194560K, 99% used [0x0000000080000000,0x000000008bddc2f8,0x000000008be00000)
 Metaspace       used 77512K, committed 79296K, reserved 1179648K
  class space    used 8123K, committed 8896K, reserved 1048576K
}

